<?xml version="1.0" encoding="UTF-8"?>
<testng-results ignored="0" total="1" passed="1" failed="0" skipped="0">
  <reporter-output>
  </reporter-output>
  <suite started-at="2021-04-16T11:59:15 BST" name="Default suite" finished-at="2021-04-16T11:59:24 BST" duration-ms="9461">
    <groups>
    </groups>
    <test started-at="2021-04-16T11:59:15 BST" name="Default test" finished-at="2021-04-16T11:59:24 BST" duration-ms="9461">
      <class name="com.citybike.testCases.citybike_location">
        <test-method signature="citybikebylocation()[pri:0, instance:com.citybike.testCases.citybike_location@223aa2f7]" started-at="2021-04-16T11:59:15 BST" name="citybikebylocation" finished-at="2021-04-16T11:59:24 BST" duration-ms="9407" status="PASS">
          <reporter-output>
          </reporter-output>
        </test-method> <!-- citybikebylocation -->
      </class> <!-- com.citybike.testCases.citybike_location -->
    </test> <!-- Default test -->
  </suite> <!-- Default suite -->
</testng-results>
